<?xml version="1.0" encoding="UTF-8"?>
<!-- Generated by org.testng.reporters.JUnitReportReporter -->
<testsuite hostname="Vishals-MacBook-Air-2.local" name="test.automation.ServifyTestAutomation" tests="3" failures="0" timestamp="25 Oct 2017 12:59:41 GMT" time="21.231" errors="0">
  <testcase name="UserLoginServify360Dashbord" time="16.637" classname="test.automation.ServifyTestAutomation"/>
  <testcase name="LaunchChromeBrowser" time="1.554" classname="test.automation.ServifyTestAutomation"/>
  <testcase name="OpenLinkServify360DashbordUrl" time="3.040" classname="test.automation.ServifyTestAutomation"/>
</testsuite> <!-- test.automation.ServifyTestAutomation -->
