<?xml version="1.0" encoding="UTF-8"?>
<!-- Generated by org.testng.reporters.JUnitReportReporter -->
<testsuite hostname="Vishals-MacBook-Air-2.local" name="test.Automation.ServifyTestingReport" tests="1" failures="0" timestamp="25 Oct 2017 07:27:05 GMT" time="27.001" errors="0">
  <testcase name="LunchChromeBrowser" time="27.001" classname="test.Automation.ServifyTestingReport"/>
</testsuite> <!-- test.Automation.ServifyTestingReport -->
